C:\Program Files (x86)\Microsoft Visual Studio\2017\Community\Common7\IDE\VC\VCTargets\Microsoft.CppBuild.targets(387,5): warning MSB8028: 中间目录(Debug\)包含从另一个项目(BouncingBall_asg1_new.vcxproj, Project1.vcxproj, Project2.vcxproj)共享的文件。   这会导致错误的清除和重新生成行为。
C:\Program Files (x86)\Microsoft Visual Studio\2017\Community\Common7\IDE\VC\VCTargets\Microsoft.CppBuild.targets(937,5): warning MSB8027: 名为 SoftBodyState.cpp 的两个或更多文件将生成到同一位置的输出。这会导致错误的生成结果。   调用的文件是 ..\..\Project5_SBD\Project5\cpp\SoftBodyState.cpp, cpp\SoftBodyState.cpp。
  ObjParser.cpp
d:\project2019\project4_rbd_\project1\include\vector.h(148): warning C4996: 'sprintf': This function or variable may be unsafe. Consider using sprintf_s instead. To disable deprecation, use _CRT_SECURE_NO_WARNINGS. See online help for details.
  c:\program files (x86)\windows kits\10\include\10.0.16299.0\ucrt\stdio.h(1772): note: 参见“sprintf”的声明
d:\project2019\project4_rbd_\project1\include\color.h(134): warning C4996: 'sprintf': This function or variable may be unsafe. Consider using sprintf_s instead. To disable deprecation, use _CRT_SECURE_NO_WARNINGS. See online help for details.
  c:\program files (x86)\windows kits\10\include\10.0.16299.0\ucrt\stdio.h(1772): note: 参见“sprintf”的声明
d:\project2019\project4_rbd_\project1\include\collisiontriangle.h(42): warning C4305: “参数”: 从“double”到“const float”截断
d:\project2019\project4_rbd_\project1\include\collisiontriangle.h(43): warning C4305: “参数”: 从“double”到“const float”截断
d:\project2019\project4_rbd_\project1\cpp\objparser.cpp(76): warning C4244: “参数”: 从“double”转换到“const float”，可能丢失数据
d:\project2019\project4_rbd_\project1\cpp\objparser.cpp(71): warning C4101: “i”: 未引用的局部变量
  正在生成代码...
  正在编译...
  OccupancyVolume.cpp
d:\project2019\project4_rbd_\project1\include\vector.h(148): warning C4996: 'sprintf': This function or variable may be unsafe. Consider using sprintf_s instead. To disable deprecation, use _CRT_SECURE_NO_WARNINGS. See online help for details.
  c:\program files (x86)\windows kits\10\include\10.0.16299.0\ucrt\stdio.h(1772): note: 参见“sprintf”的声明
d:\project2019\project4_rbd_\project1\include\color.h(134): warning C4996: 'sprintf': This function or variable may be unsafe. Consider using sprintf_s instead. To disable deprecation, use _CRT_SECURE_NO_WARNINGS. See online help for details.
  c:\program files (x86)\windows kits\10\include\10.0.16299.0\ucrt\stdio.h(1772): note: 参见“sprintf”的声明
  正在生成代码...
  正在跳过...(未检测到相关更改)
  main.cpp
  SPHSolver.cpp
  SBDSolver.cpp
  RBDSolver.cpp
  PbaViewer.cpp
  PbaUtils.cpp
  PbaThing.cpp
  Mymethods.cpp
  ForceLibrary.cpp
  ExplicitDynamics.cpp
  CollisionTriangle.cpp
  CollisionSurface.cpp
  CollisionHandler.cpp
  AABB.cpp
Debug\SoftBodyState.obj : warning LNK4042: 对象被多次指定；已忽略多余的指定
  Project1.vcxproj -> D:\project2019\Project4_RBD_\Debug\Project3.exe
