d:\project2019\project1\project1\debug\vc141.pdb
d:\project2019\project1\project1\debug\vc141.idb
d:\project2019\project1\project1\debug\main.obj
d:\project2019\project1\project1\debug\pbaviewer.obj
d:\project2019\project1\project1\debug\pbathing.obj
d:\project2019\project1\project1\debug\gisolver.obj
d:\project2019\project1\project1\debug\collisionhandler.obj
d:\project2019\project1\project1\debug\collisionsphere.obj
d:\project2019\project1\project1\debug\collisionsurface.obj
d:\project2019\project1\project1\debug\collisionsystem.obj
d:\project2019\project1\project1\debug\collisiontriangle.obj
d:\project2019\project1\project1\debug\explicitdynamics.obj
d:\project2019\project1\project1\debug\dynamicalstate.obj
d:\project2019\project1\project1\debug\force.obj
d:\project2019\project1\project1\debug\forcelibrary.obj
d:\project2019\project1\project1\debug\linearalgebra.obj
d:\project2019\project1\project1\debug\matrix.obj
d:\project2019\project1\project1\debug\mymethods.obj
d:\project2019\project1\debug\project1.exe
d:\project2019\project1\debug\project1.ilk
d:\project2019\project1\debug\project1.pdb
d:\project2019\project1\project1\debug\collisionhandler.obj.enc
d:\project2019\project1\project1\debug\collisionsurface.obj.enc
d:\project2019\project1\project1\debug\dynamicalstate.obj.enc
d:\project2019\project1\project1\debug\explicitdynamics.obj.enc
d:\project2019\project1\project1\debug\forcelibrary.obj.enc
d:\project2019\project1\project1\debug\gisolver.obj.enc
d:\project2019\project1\project1\debug\main.obj.enc
d:\project2019\project1\project1\debug\pbathing.obj.enc
d:\project2019\project1\project1\debug\pbaviewer.obj.enc
d:\project2019\project1\project1\debug\project1.tlog\cl.command.1.tlog
d:\project2019\project1\project1\debug\project1.tlog\cl.read.1.tlog
d:\project2019\project1\project1\debug\project1.tlog\cl.write.1.tlog
d:\project2019\project1\project1\debug\project1.tlog\link.command.1.tlog
d:\project2019\project1\project1\debug\project1.tlog\link.read.1.tlog
d:\project2019\project1\project1\debug\project1.tlog\link.write.1.tlog
