C:\Program Files (x86)\Microsoft Visual Studio\2019\Community\MSBuild\Microsoft\VC\v160\Microsoft.CppBuild.targets(440,5): warning MSB8003: The VCToolsInstallDir property is not defined. Some build tools may not be found.
C:\Program Files (x86)\Microsoft Visual Studio\2019\Community\MSBuild\Microsoft\VC\v160\Microsoft.CppBuild.targets(459,5): warning MSB8028: The intermediate directory (Debug\) contains files shared from another project (BouncingBall_asg1_new.vcxproj, Project1.vcxproj).  This can lead to incorrect clean and rebuild behavior.
cl : command line warning D9002: ignoring unknown option '/diagnostics:column'
  CollisionHandler.cpp
d:\project2019\project2 blockingwithconstraints_pba\project1\include\vector.h(15): fatal error C1083: Cannot open include file: 'cmath': No such file or directory
  CollisionSphere.cpp
  CollisionSurface.cpp
d:\project2019\project2 blockingwithconstraints_pba\project1\include\vector.h(15): fatal error C1083: Cannot open include file: 'cmath': No such file or directory
  CollisionSystem.cpp
  CollisionTriangle.cpp
d:\project2019\project2 blockingwithconstraints_pba\project1\include\vector.h(15): fatal error C1083: Cannot open include file: 'cmath': No such file or directory
  Constraint.cpp
d:\project2019\project2 blockingwithconstraints_pba\project1\include\vector.h(15): fatal error C1083: Cannot open include file: 'cmath': No such file or directory
  ConstraintLibrary.cpp
d:\project2019\project2 blockingwithconstraints_pba\project1\include\vector.h(15): fatal error C1083: Cannot open include file: 'cmath': No such file or directory
  DynamicalState.cpp
d:\project2019\project2 blockingwithconstraints_pba\project1\include\vector.h(15): fatal error C1083: Cannot open include file: 'cmath': No such file or directory
  ExplicitDynamics.cpp
d:\project2019\project2 blockingwithconstraints_pba\project1\include\vector.h(15): fatal error C1083: Cannot open include file: 'cmath': No such file or directory
  Force.cpp
  ForceLibrary.cpp
d:\project2019\project2 blockingwithconstraints_pba\project1\include\vector.h(15): fatal error C1083: Cannot open include file: 'cmath': No such file or directory
  GISolver.cpp
d:\project2019\project2 blockingwithconstraints_pba\project1\include\gisolver.h(16): fatal error C1083: Cannot open include file: 'cmath': No such file or directory
  LinearAlgebra.cpp
d:\project2019\project2 blockingwithconstraints_pba\project1\include\vector.h(15): fatal error C1083: Cannot open include file: 'cmath': No such file or directory
  main.cpp
c:\program files (x86)\windows kits\10\include\10.0.16299.0\um\windows.h(167): fatal error C1083: Cannot open include file: 'excpt.h': No such file or directory
  Matrix.cpp
d:\project2019\project2 blockingwithconstraints_pba\project1\cpp\matrix.cpp(10): fatal error C1083: Cannot open include file: 'iostream': No such file or directory
  Mymethods.cpp
d:\project2019\project2 blockingwithconstraints_pba\project1\include\mymethods.h(3): fatal error C1083: Cannot open include file: 'iostream': No such file or directory
  PbaThing.cpp
d:\project2019\project2 blockingwithconstraints_pba\project1\include\pbathing.h(17): fatal error C1083: Cannot open include file: 'string': No such file or directory
  PbaUtils.cpp
d:\project2019\project2 blockingwithconstraints_pba\project1\include\vector.h(15): fatal error C1083: Cannot open include file: 'cmath': No such file or directory
  PbaViewer.cpp
d:\project2019\project2 blockingwithconstraints_pba\project1\cpp\pbaviewer.cpp(22): fatal error C1083: Cannot open include file: 'iostream': No such file or directory
  Generating Code...
