  main.cpp
d:\project2019\project3 sph tea\project1\include\CollisionTriangle.h(42): warning C4305: “参数”: 从“double”到“const float”截断
d:\project2019\project3 sph tea\project1\include\CollisionTriangle.h(43): warning C4305: “参数”: 从“double”到“const float”截断
d:\project2019\project3 sph tea\project1\include\SPHForce.h(62): warning C4305: “初始化”: 从“double”到“float”截断
D:\project2019\Project3 SPH Tea\Project1\include\SphinATeapot.h(102): warning C4244: “参数”: 从“double”转换到“GLfloat”，可能丢失数据
D:\project2019\Project3 SPH Tea\Project1\include\SphinATeapot.h(130): warning C4244: “参数”: 从“double”转换到“const float”，可能丢失数据
D:\project2019\Project3 SPH Tea\Project1\include\SphinATeapot.h(136): warning C4244: “参数”: 从“double”转换到“const float”，可能丢失数据
D:\project2019\Project3 SPH Tea\Project1\include\SphinATeapot.h(142): warning C4244: “参数”: 从“double”转换到“const float”，可能丢失数据
D:\project2019\Project3 SPH Tea\Project1\include\SphinATeapot.h(148): warning C4244: “参数”: 从“double”转换到“const float”，可能丢失数据
D:\project2019\Project3 SPH Tea\Project1\include\SphinATeapot.h(154): warning C4244: “参数”: 从“double”转换到“const float”，可能丢失数据
D:\project2019\Project3 SPH Tea\Project1\include\SphinATeapot.h(160): warning C4244: “参数”: 从“double”转换到“const float”，可能丢失数据
D:\project2019\Project3 SPH Tea\Project1\include\SphinATeapot.h(166): warning C4244: “参数”: 从“double”转换到“const float”，可能丢失数据
D:\project2019\Project3 SPH Tea\Project1\include\SphinATeapot.h(172): warning C4244: “参数”: 从“double”转换到“const float”，可能丢失数据
D:\project2019\Project3 SPH Tea\Project1\include\SphinATeapot.h(178): warning C4244: “参数”: 从“double”转换到“const float”，可能丢失数据
D:\project2019\Project3 SPH Tea\Project1\include\SphinATeapot.h(184): warning C4244: “参数”: 从“double”转换到“const float”，可能丢失数据
D:\project2019\Project3 SPH Tea\Project1\include\SphinATeapot.h(190): warning C4244: “参数”: 从“double”转换到“const float”，可能丢失数据
D:\project2019\Project3 SPH Tea\Project1\include\SphinATeapot.h(196): warning C4244: “参数”: 从“double”转换到“const float”，可能丢失数据
D:\project2019\Project3 SPH Tea\Project1\include\SphinATeapot.h(201): warning C4244: “参数”: 从“double”转换到“const float”，可能丢失数据
D:\project2019\Project3 SPH Tea\Project1\include\SphinATeapot.h(206): warning C4244: “参数”: 从“double”转换到“const float”，可能丢失数据
D:\project2019\Project3 SPH Tea\Project1\include\SphinATeapot.h(212): warning C4244: “参数”: 从“double”转换到“const float”，可能丢失数据
D:\project2019\Project3 SPH Tea\Project1\include\SphinATeapot.h(218): warning C4244: “参数”: 从“double”转换到“const float”，可能丢失数据
D:\project2019\Project3 SPH Tea\Project1\include\SphinATeapot.h(224): warning C4244: “参数”: 从“double”转换到“const float”，可能丢失数据
D:\project2019\Project3 SPH Tea\Project1\include\SphinATeapot.h(230): warning C4244: “参数”: 从“double”转换到“const float”，可能丢失数据
D:\project2019\Project3 SPH Tea\Project1\include\SphinATeapot.h(307): warning C4244: “=”: 从“double”转换到“float”，可能丢失数据
  正在生成代码
  1 of 2096 functions ( 0.0%) were compiled, the rest were copied from previous compilation.
    0 functions were new in current compilation
    0 functions had inline decision re-evaluated but remain unchanged
  已完成代码的生成
  Project1.vcxproj -> D:\project2019\Project3 SPH Tea\Release\Project3.exe
